13/11/2020 09:33:46 The User sa got the backUp  of Woorj555304B42405CA2E5BD2454CC54DF6 from HO-HAYOL-LPT\SQLEXPRESS\Woorj555304B42405CA2E5BD2454CC54DF6 to E:\A_NewProjects\01\Archive\WoorjDbArch\Woorj555304B42405CA2E5BD2454CC54DF6-20201113093339.bak
13/11/2020 09:56:40 The User sa got the backUp  of Woorj555304B42405CA2E5BD2454CC54DF6 from HO-HAYOL-LPT\SQLEXPRESS\Woorj555304B42405CA2E5BD2454CC54DF6 to E:\A_NewProjects\01\Archive\WoorjDbArch\Woorj555304B42405CA2E5BD2454CC54DF6-20201113095634.bak
16/11/2020 08:17:20 The User sa got the backUp  of Woorj555304B42405CA2E5BD2454CC54DF6 from HO-HAYOL-LPT\SQLEXPRESS\Woorj555304B42405CA2E5BD2454CC54DF6 to E:\A_NewProjects\01\Archive\WoorjDbArch\Woorj555304B42405CA2E5BD2454CC54DF6-20201116081718.bak
16/11/2020 10:11:50 The User sa got the backUp  of Woorj555304B42405CA2E5BD2454CC54DF6 from HO-HAYOL-LPT\SQLEXPRESS\Woorj555304B42405CA2E5BD2454CC54DF6 to E:\A_NewProjects\01\Archive\WoorjDbArch\Woorj555304B42405CA2E5BD2454CC54DF6-20201116101147.bak
16/11/2020 11:47:18 The User sa Restored the  Woorj555304B42405CA2E5BD2454CC54DF6 from E:\A_NewProjects\01\Archive\WoorjDbArch\Woorj555304B42405CA2E5BD2454CC54DF6-20201116101147.bak to HO-HAYOL-LPT\SQLEXPRESS\Woorj555304B42405CA2E5BD2454CC54DF6
16/11/2020 12:29:14 The User sa got the backUp  of Woorj555304B42405CA2E5BD2454CC54DF6 from HO-HAYOL-LPT\SQLEXPRESS\Woorj555304B42405CA2E5BD2454CC54DF6 to E:\A_NewProjects\01\Archive\WoorjDbArch\Woorj555304B42405CA2E5BD2454CC54DF6-20201116122912.bak
16/11/2020 15:07:42 The User sa got the backUp  of Woorj555304B42405CA2E5BD2454CC54DF6 from HO-HAYOL-LPT\SQLEXPRESS\Woorj555304B42405CA2E5BD2454CC54DF6 to E:\A_NewProjects\01\Archive\WoorjDbArch\Woorj555304B42405CA2E5BD2454CC54DF6-20201116150737.bak
19/11/2020 09:33:37 The User sa got the backUp  of Woorj555304B42405CA2E5BD2454CC54DF6 from HO-HAYOL-LPT\SQLEXPRESS\Woorj555304B42405CA2E5BD2454CC54DF6 to E:\A_NewProjects\01\Archive\WoorjDbArch\Woorj555304B42405CA2E5BD2454CC54DF6-20201119093334.bak
20/11/2020 13:08:18 The User sa got the backUp  of Woorj555304B42405CA2E5BD2454CC54DF6 from HO-HAYOL-LPT\SQLEXPRESS\Woorj555304B42405CA2E5BD2454CC54DF6 to E:\A_NewProjects\01\Archive\WoorjDbArch\Woorj555304B42405CA2E5BD2454CC54DF6-20201120130814.bak
20/11/2020 15:04:40 The User sa Restored the  Woorj555304B42405CA2E5BD2454CC54DF6 from E:\A_NewProjects\01\Archive\WoorjDbArch\Woorj555304B42405CA2E5BD2454CC54DF6-20201120130814.bak to HO-HAYOL-LPT\SQLEXPRESS\Woorj555304B42405CA2E5BD2454CC54DF6
20/11/2020 15:11:53 The User sa got the backUp  of Woorj555304B42405CA2E5BD2454CC54DF6 from HO-HAYOL-LPT\SQLEXPRESS\Woorj555304B42405CA2E5BD2454CC54DF6 to E:\A_NewProjects\01\Archive\WoorjDbArch\Woorj555304B42405CA2E5BD2454CC54DF6-20201120151148.bak
22/11/2020 03:43:55 The User sa got the backUp  of Woorj555304B42405CA2E5BD2454CC54DF6 from HO-HAYOL-LPT\SQLEXPRESS\Woorj555304B42405CA2E5BD2454CC54DF6 to E:\A_NewProjects\01\Archive\WoorjDbArch\Woorj555304B42405CA2E5BD2454CC54DF6-20201122034352.bak
23/11/2020 08:35:31 The User sa got the backUp  of Woorj555304B42405CA2E5BD2454CC54DF6 from HO-HAYOL-LPT\SQLEXPRESS\Woorj555304B42405CA2E5BD2454CC54DF6 to E:\A_NewProjects\01\Archive\WoorjDbArch\Woorj555304B42405CA2E5BD2454CC54DF6-20201123083528.bak
23/11/2020 08:50:51 The User sa got the backUp  of Woorj555304B42405CA2E5BD2454CC54DF6 from HO-HAYOL-LPT\SQLEXPRESS\Woorj555304B42405CA2E5BD2454CC54DF6 to E:\A_NewProjects\01\Archive\WoorjDbArch\Woorj555304B42405CA2E5BD2454CC54DF6-20201123085047.bak
23/11/2020 08:52:00 The User sa got the backUp  of Woorj555304B42405CA2E5BD2454CC54DF6 from HO-HAYOL-LPT\SQLEXPRESS\Woorj555304B42405CA2E5BD2454CC54DF6 to E:\A_NewProjects\01\Archive\WoorjDbArch\Woorj555304B42405CA2E5BD2454CC54DF6-20201123085130.bak
23/11/2020 09:06:42 The User sa got the backUp  of Woorj555304B42405CA2E5BD2454CC54DF6 from HO-HAYOL-LPT\SQLEXPRESS\Woorj555304B42405CA2E5BD2454CC54DF6 to E:\A_NewProjects\01\Archive\WoorjDbArch\Woorj555304B42405CA2E5BD2454CC54DF6-20201123090628.bak
23/11/2020 09:08:49 The User sa got the backUp  of Woorj555304B42405CA2E5BD2454CC54DF6 from HO-HAYOL-LPT\SQLEXPRESS\Woorj555304B42405CA2E5BD2454CC54DF6 to E:\A_NewProjects\01\Archive\WoorjDbArch\Woorj555304B42405CA2E5BD2454CC54DF6-20201123090830.bak
23/11/2020 09:18:23 The User sa got the backUp  of Woorj555304B42405CA2E5BD2454CC54DF6 from HO-HAYOL-LPT\SQLEXPRESS\Woorj555304B42405CA2E5BD2454CC54DF6 to E:\A_NewProjects\01\Archive\WoorjDbArch\Woorj555304B42405CA2E5BD2454CC54DF6-20201123091816.bak
23/11/2020 09:20:18 The User sa got the backUp  of Woorj555304B42405CA2E5BD2454CC54DF6 from HO-HAYOL-LPT\SQLEXPRESS\Woorj555304B42405CA2E5BD2454CC54DF6 to E:\A_NewProjects\01\Archive\2020\11\23\WoorjDbArch\Woorj555304B42405CA2E5BD2454CC54DF6-20201123092011.bak
23/11/2020 09:22:55 The User sa got the backUp  of Woorj555304B42405CA2E5BD2454CC54DF6 from HO-HAYOL-LPT\SQLEXPRESS\Woorj555304B42405CA2E5BD2454CC54DF6 to E:\A_NewProjects\01\Archive\WoorjDbArch\2020\11\23\Woorj555304B42405CA2E5BD2454CC54DF6-20201123092238.bak
23/11/2020 09:24:35 The User sa got the backUp  of Woorj555304B42405CA2E5BD2454CC54DF6 from HO-HAYOL-LPT\SQLEXPRESS\Woorj555304B42405CA2E5BD2454CC54DF6 to E:\A_NewProjects\01\Archive\WoorjDbArch\2020\11\23\Woorj555304B42405CA2E5BD2454CC54DF6-20201123092411.bak
23/11/2020 09:26:46 The User sa Restored the  Woorj555304B42405CA2E5BD2454CC54DF6 from E:\A_NewProjects\01\Archive\WoorjDbArch\.bak to HO-HAYOL-LPT\SQLEXPRESS\Woorj555304B42405CA2E5BD2454CC54DF6
23/11/2020 09:30:14 The User sa Restored the  Woorj555304B42405CA2E5BD2454CC54DF6 from E:\A_NewProjects\01\Archive\WoorjDbArch\2020\11\23\.bak to HO-HAYOL-LPT\SQLEXPRESS\Woorj555304B42405CA2E5BD2454CC54DF6
23/11/2020 09:30:33 The User sa got the backUp  of Woorj555304B42405CA2E5BD2454CC54DF6 from HO-HAYOL-LPT\SQLEXPRESS\Woorj555304B42405CA2E5BD2454CC54DF6 to E:\A_NewProjects\01\Archive\WoorjDbArch\2020\11\23\Woorj555304B42405CA2E5BD2454CC54DF6-20201123093020.bak
23/11/2020 11:30:57 The User sa got the backUp  of Woorj555304B42405CA2E5BD2454CC54DF6 from HO-HAYOL-LPT\SQLEXPRESS\Woorj555304B42405CA2E5BD2454CC54DF6 to E:\A_NewProjects\01\Archive\WoorjDbArch\2020\11\23\Woorj555304B42405CA2E5BD2454CC54DF6-20201123113044.bak
23/11/2020 12:57:22 The User sa Restored the  Woorj555304B42405CA2E5BD2454CC54DF6 from E:\A_NewProjects\01\Archive\WoorjDbArch\2020\11\23\Woorj555304B42405CA2E5BD2454CC54DF6-20201123113310.bak to HO-HAYOL-LPT\SQLEXPRESS\Woorj555304B42405CA2E5BD2454CC54DF6
24/11/2020 10:28:37 The User sa got the backUp  of Woorj555304B42405CA2E5BD2454CC54DF6 from HO-HAYOL-LPT\SQLEXPRESS\Woorj555304B42405CA2E5BD2454CC54DF6 to E:\A_NewProjects\01\Archive\WoorjDbArch\2020\11\24\Woorj555304B42405CA2E5BD2454CC54DF6-20201124102810.bak
24/11/2020 13:23:37 The User sa got the backUp  of Woorj555304B42405CA2E5BD2454CC54DF6 from HO-HAYOL-LPT\SQLEXPRESS\Woorj555304B42405CA2E5BD2454CC54DF6 to E:\A_NewProjects\01\Archive\WoorjDbArch\2020\11\24\Woorj555304B42405CA2E5BD2454CC54DF6-20201124132333.bak
25/11/2020 12:45:08 The User sa got the backUp  of Woorj555304B42405CA2E5BD2454CC54DF6 from HO-HAYOL-LPT\SQLEXPRESS\Woorj555304B42405CA2E5BD2454CC54DF6 to E:\A_NewProjects\01\Archive\WoorjDbArch\2020\11\25\Woorj555304B42405CA2E5BD2454CC54DF6-20201125124441.bak
26/11/2020 14:32:05 The User sa got the backUp  of Woorj555304B42405CA2E5BD2454CC54DF6 from HO-HAYOL-LPT\SQLEXPRESS\Woorj555304B42405CA2E5BD2454CC54DF6 to E:\A_NewProjects\01\Archive\WoorjDbArch\2020\11\26\Woorj555304B42405CA2E5BD2454CC54DF6-20201126143112.bak
26/11/2020 15:39:58 The User sa got the backUp  of Woorj555304B42405CA2E5BD2454CC54DF6 from HO-HAYOL-LPT\SQLEXPRESS\Woorj555304B42405CA2E5BD2454CC54DF6 to E:\A_NewProjects\01\Archive\WoorjDbArch\2020\11\26\Woorj555304B42405CA2E5BD2454CC54DF6-20201126153954.bak
26/11/2020 16:05:43 The User sa got the backUp  of Woorj555304B42405CA2E5BD2454CC54DF6 from HO-HAYOL-LPT\SQLEXPRESS\Woorj555304B42405CA2E5BD2454CC54DF6 to E:\A_NewProjects\01\Archive\WoorjDbArch\2020\11\26\Woorj555304B42405CA2E5BD2454CC54DF6-20201126160524.bak
26/11/2020 16:30:15 The User sa got the backUp  of Woorj555304B42405CA2E5BD2454CC54DF6 from HO-HAYOL-LPT\SQLEXPRESS\Woorj555304B42405CA2E5BD2454CC54DF6 to E:\A_NewProjects\01\Archive\WoorjDbArch\2020\11\26\Woorj555304B42405CA2E5BD2454CC54DF6-20201126163009.bak
27/11/2020 11:33:21 The User sa got the backUp  of Woorj555304B42405CA2E5BD2454CC54DF6 from HO-HAYOL-LPT\SQLEXPRESS\Woorj555304B42405CA2E5BD2454CC54DF6 to E:\A_NewProjects\01\Archive\WoorjDbArch\2020\11\27\Woorj555304B42405CA2E5BD2454CC54DF6-20201127113256.bak
27/11/2020 13:33:41 The User sa got the backUp  of Woorj555304B42405CA2E5BD2454CC54DF6 from HO-HAYOL-LPT\SQLEXPRESS\Woorj555304B42405CA2E5BD2454CC54DF6 to E:\A_NewProjects\01\Archive\WoorjDbArch\2020\11\27\Woorj555304B42405CA2E5BD2454CC54DF6-20201127133241.bak
27/11/2020 16:00:30 The User sa got the backUp  of Woorj555304B42405CA2E5BD2454CC54DF6 from HO-HAYOL-LPT\SQLEXPRESS\Woorj555304B42405CA2E5BD2454CC54DF6 to E:\A_NewProjects\01\Archive\WoorjDbArch\2020\11\27\Woorj555304B42405CA2E5BD2454CC54DF6-20201127155956.bak
03/12/2020 12:56:42 The User sa got the backUp  of Woorj555304B42405CA2E5BD2454CC54DF6 from HO-HAYOL-LPT\SQLEXPRESS\Woorj555304B42405CA2E5BD2454CC54DF6 to E:\A_NewProjects\01\Archive\WoorjDbArch\2020\12\03\Woorj555304B42405CA2E5BD2454CC54DF6-20201203125533.bak
03/12/2020 13:09:50 The User sa got the backUp  of Woorj555304B42405CA2E5BD2454CC54DF6 from HO-HAYOL-LPT\SQLEXPRESS\Woorj555304B42405CA2E5BD2454CC54DF6 to E:\A_NewProjects\01\Archive\WoorjDbArch\2020\12\03\Woorj555304B42405CA2E5BD2454CC54DF6-20201203130922.bak
08/12/2020 12:56:36 The User sa got the backUp  of Woorj555304B42405CA2E5BD2454CC54DF6 from HO-HAYOL-LPT\SQLEXPRESS\Woorj555304B42405CA2E5BD2454CC54DF6 to E:\A_NewProjects\01\Archive\WoorjDbArch\2020\12\08\Woorj555304B42405CA2E5BD2454CC54DF6-20201208125549.bak
08/12/2020 17:26:12 The User sa got the backUp  of Woorj555304B42405CA2E5BD2454CC54DF6 from HO-HAYOL-LPT\SQLEXPRESS\Woorj555304B42405CA2E5BD2454CC54DF6 to E:\A_NewProjects\01\Archive\WoorjDbArch\2020\12\08\Woorj555304B42405CA2E5BD2454CC54DF6-20201208172555.bak
11/12/2020 11:13:41 The User sa got the backUp  of Woorj555304B42405CA2E5BD2454CC54DF6 from HO-HAYOL-LPT\SQLEXPRESS\Woorj555304B42405CA2E5BD2454CC54DF6 to E:\A_NewProjects\01\Archive\WoorjDbArch\2020\12\11\Woorj555304B42405CA2E5BD2454CC54DF6-20201211111302.bak
11/12/2020 11:15:17 The User sa got the backUp  of Woorj555304B42405CA2E5BD2454CC54DF6 from HO-HAYOL-LPT\SQLEXPRESS\Woorj555304B42405CA2E5BD2454CC54DF6 to E:\A_NewProjects\01\Archive\WoorjDbArch\2020\12\11\Woorj555304B42405CA2E5BD2454CC54DF6-20201211111511.bak
14/12/2020 11:47:10 The User sa got the backUp  of Woorj555304B42405CA2E5BD2454CC54DF6 from HO-HAYOL-LPT\SQLEXPRESS\Woorj555304B42405CA2E5BD2454CC54DF6 to E:\A_NewProjects\01\Archive\WoorjDbArch\2020\12\14\Woorj555304B42405CA2E5BD2454CC54DF6-20201214114642.bak
15/12/2020 12:04:02 The User sa got the backUp  of Woorj555304B42405CA2E5BD2454CC54DF6 from HO-HAYOL-LPT\SQLEXPRESS\Woorj555304B42405CA2E5BD2454CC54DF6 to E:\A_NewProjects\01\Archive\WoorjDbArch\2020\12\15\Woorj555304B42405CA2E5BD2454CC54DF6-20201215120353.bak
15/12/2020 12:04:50 The User sa Restored the  Woorj555304B42405CA2E5BD2454CC54DF6 from E:\A_NewProjects\01\Archive\WoorjDbArch\2020\12\15\.bak to HO-HAYOL-LPT\SQLEXPRESS\Woorj555304B42405CA2E5BD2454CC54DF6
21/12/2020 15:22:59 The User sa got the backUp  of Woorj555304B42405CA2E5BD2454CC54DF6 from HO-HAYOL-LPT\SQLEXPRESS\Woorj555304B42405CA2E5BD2454CC54DF6 to E:\A_NewProjects\01\Archive\WoorjDbArch\2020\12\21\Woorj555304B42405CA2E5BD2454CC54DF6-20201221152237.bak
21/12/2020 15:53:33 The User sa got the backUp  of Woorj555304B42405CA2E5BD2454CC54DF6 from HO-HAYOL-LPT\SQLEXPRESS\Woorj555304B42405CA2E5BD2454CC54DF6 to E:\A_NewProjects\01\Archive\WoorjDbArch\2020\12\21\Woorj555304B42405CA2E5BD2454CC54DF6-20201221155248.bak
21/12/2020 16:14:12 The User sa got the backUp  of Woorj555304B42405CA2E5BD2454CC54DF6 from HO-HAYOL-LPT\SQLEXPRESS\Woorj555304B42405CA2E5BD2454CC54DF6 to E:\A_NewProjects\01\Archive\WoorjDbArch\2020\12\21\Woorj555304B42405CA2E5BD2454CC54DF6-20201221161344.bak
21/12/2020 16:23:59 The User sa got the backUp  of Woorj555304B42405CA2E5BD2454CC54DF6 from HO-HAYOL-LPT\SQLEXPRESS\Woorj555304B42405CA2E5BD2454CC54DF6 to E:\A_NewProjects\01\Archive\WoorjDbArch\2020\12\21\Woorj555304B42405CA2E5BD2454CC54DF6-20201221162353.bak
21/12/2020 20:18:35 The User sa got the backUp  of Woorj555304B42405CA2E5BD2454CC54DF6 from HO-HAYOL-LPT\SQLEXPRESS\Woorj555304B42405CA2E5BD2454CC54DF6 to E:\A_NewProjects\01\Archive\WoorjDbArch\2020\12\21\Woorj555304B42405CA2E5BD2454CC54DF6-20201221201739.bak
21/12/2020 20:46:13 The User sa got the backUp  of Woorj555304B42405CA2E5BD2454CC54DF6 from HO-HAYOL-LPT\SQLEXPRESS\Woorj555304B42405CA2E5BD2454CC54DF6 to E:\A_NewProjects\01\Archive\WoorjDbArch\2020\12\21\Woorj555304B42405CA2E5BD2454CC54DF6-20201221204606.bak
22/12/2020 14:26:45 The User sa got the backUp  of Woorj555304B42405CA2E5BD2454CC54DF6 from HO-HAYOL-LPT\SQLEXPRESS\Woorj555304B42405CA2E5BD2454CC54DF6 to E:\A_NewProjects\01\Archive\WoorjDbArch\2020\12\22\Woorj555304B42405CA2E5BD2454CC54DF6-20201222142613.bak
23/12/2020 09:19:44 The User sa got the backUp  of Woorj555304B42405CA2E5BD2454CC54DF6 from HO-HAYOL-LPT\SQLEXPRESS\Woorj555304B42405CA2E5BD2454CC54DF6 to E:\A_NewProjects\01\Archive\WoorjDbArch\2020\12\23\Woorj555304B42405CA2E5BD2454CC54DF6-20201223091858.bak
23/12/2020 09:25:19 The User sa got the backUp  of Woorj555304B42405CA2E5BD2454CC54DF6 from HO-HAYOL-LPT\SQLEXPRESS\Woorj555304B42405CA2E5BD2454CC54DF6 to E:\A_NewProjects\01\Archive\WoorjDbArch\2020\12\23\Woorj555304B42405CA2E5BD2454CC54DF6-20201223092515.bak
<<<<<<< HEAD
23/12/2020 15:01:43 The User sa got the backUp  of Woorj555304B42405CA2E5BD2454CC54DF6 from HO-HAYOL-LPT\SQLEXPRESS\Woorj555304B42405CA2E5BD2454CC54DF6 to E:\A_NewProjects\01\Archive\WoorjDbArch\2020\12\23\Woorj555304B42405CA2E5BD2454CC54DF6-20201223150126.bak
=======
>>>>>>> 89afa09ff41435cdbefb3bb4171a97777143d4d5
23/12/2020 16:17:38 The User sa got the backUp  of Woorj555304B42405CA2E5BD2454CC54DF6 from HO-HAYOL-LPT\SQLEXPRESS\Woorj555304B42405CA2E5BD2454CC54DF6 to E:\A_NewProjects\01\Archive\WoorjDbArch\2020\12\23\Woorj555304B42405CA2E5BD2454CC54DF6-20201223161731.bak
24/12/2020 10:07:27 The User sa got the backUp  of Woorj555304B42405CA2E5BD2454CC54DF6 from HO-HAYOL-LPT\SQLEXPRESS\Woorj555304B42405CA2E5BD2454CC54DF6 to E:\A_NewProjects\01\Archive\WoorjDbArch\2020\12\24\Woorj555304B42405CA2E5BD2454CC54DF6-20201224100703.bak
24/12/2020 10:50:52 The User sa got the backUp  of Woorj555304B42405CA2E5BD2454CC54DF6 from HO-HAYOL-LPT\SQLEXPRESS\Woorj555304B42405CA2E5BD2454CC54DF6 to E:\A_NewProjects\01\Archive\WoorjDbArch\2020\12\24\Woorj555304B42405CA2E5BD2454CC54DF6-20201224105036.bak
24/12/2020 11:00:59 The User sa got the backUp  of Woorj555304B42405CA2E5BD2454CC54DF6 from HO-HAYOL-LPT\SQLEXPRESS\Woorj555304B42405CA2E5BD2454CC54DF6 to E:\A_NewProjects\01\Archive\WoorjDbArch\2020\12\24\Woorj555304B42405CA2E5BD2454CC54DF6-20201224110029.bak
27/12/2020 09:59:44 The User sa got the backUp  of Woorj555304B42405CA2E5BD2454CC54DF6 from HO-HAYOL-LPT\SQLEXPRESS\Woorj555304B42405CA2E5BD2454CC54DF6 to E:\A_NewProjects\01\Archive\WoorjDbArch\2020\12\27\Woorj555304B42405CA2E5BD2454CC54DF6-20201227095708.bak
27/12/2020 10:03:50 The User sa Restored the  Woorj555304B42405CA2E5BD2454CC54DF6 from E:\A_NewProjects\01\Archive\WoorjDbArch\2020\12\27\.bak to HO-HAYOL-LPT\SQLEXPRESS\Woorj555304B42405CA2E5BD2454CC54DF6
27/12/2020 10:09:47 The User sa got the backUp  of Woorj555304B42405CA2E5BD2454CC54DF6 from HO-HAYOL-LPT\SQLEXPRESS\Woorj555304B42405CA2E5BD2454CC54DF6 to E:\A_NewProjects\01\Archive\WoorjDbArch\2020\12\27\Woorj555304B42405CA2E5BD2454CC54DF6-20201227100937.bak
27/12/2020 10:11:38 The User sa got the backUp  of Woorj555304B42405CA2E5BD2454CC54DF6 from HO-HAYOL-LPT\SQLEXPRESS\Woorj555304B42405CA2E5BD2454CC54DF6 to E:\A_NewProjects\01\Archive\WoorjDbArch\2020\12\27\Woorj555304B42405CA2E5BD2454CC54DF6-20201227101131.bak
27/12/2020 10:13:54 The User sa got the backUp  of Woorj555304B42405CA2E5BD2454CC54DF6 from HO-HAYOL-LPT\SQLEXPRESS\Woorj555304B42405CA2E5BD2454CC54DF6 to E:\A_NewProjects\01\Archive\2020\12\27\Woorj-20201227101349-Test3\WoorjFilesArch\WoorjWoorj555304B42405CA2E5BD2454CC54DF6-20201227101349.bak
27/12/2020 10:19:54 The User sa got the backUp  of Woorj555304B42405CA2E5BD2454CC54DF6 from HO-HAYOL-LPT\SQLEXPRESS\Woorj555304B42405CA2E5BD2454CC54DF6 to E:\A_NewProjects\01\Archive\2020\12\27\Woorj-20201227101947-Test6\WoorjWoorj555304B42405CA2E5BD2454CC54DF6-20201227101947.bak
27/12/2020 10:24:34 The User sa got the backUp  of Woorj555304B42405CA2E5BD2454CC54DF6 from HO-HAYOL-LPT\SQLEXPRESS\Woorj555304B42405CA2E5BD2454CC54DF6 to E:\A_NewProjects\01\Archive\2020\12\27\Woorj-20201227102427-Test8\WoorjWoorj555304B42405CA2E5BD2454CC54DF6-20201227102427.bak
27/12/2020 10:26:45 The User sa got the backUp  of Woorj555304B42405CA2E5BD2454CC54DF6 from HO-HAYOL-LPT\SQLEXPRESS\Woorj555304B42405CA2E5BD2454CC54DF6 to E:\A_NewProjects\01\Archive\2020\12\27\Woorj-20201227102637-Test9\WoorjWoorj555304B42405CA2E5BD2454CC54DF6-20201227102637.bak
27/12/2020 10:29:13 The User sa got the backUp  of Woorj555304B42405CA2E5BD2454CC54DF6 from HO-HAYOL-LPT\SQLEXPRESS\Woorj555304B42405CA2E5BD2454CC54DF6 to E:\A_NewProjects\01\Archive\2020\12\27\Woorj-20201227102859-Test10\Woorj-20201227102859.bak
27/12/2020 10:33:30 The User sa got the backUp  of Woorj555304B42405CA2E5BD2454CC54DF6 from HO-HAYOL-LPT\SQLEXPRESS\Woorj555304B42405CA2E5BD2454CC54DF6 to E:\A_NewProjects\01\Archive\2020\12\27\Woorj-20201227103324-Test02\Woorj-20201227103324.bak
27/12/2020 10:34:54 The User sa Restored the  Woorj555304B42405CA2E5BD2454CC54DF6 from E:\A_NewProjects\01\Archive\2020\12\27.bak to HO-HAYOL-LPT\SQLEXPRESS\Woorj555304B42405CA2E5BD2454CC54DF6
27/12/2020 10:49:01 The User sa got the backUp  of Woorj555304B42405CA2E5BD2454CC54DF6 from HO-HAYOL-LPT\SQLEXPRESS\Woorj555304B42405CA2E5BD2454CC54DF6 to E:\A_NewProjects\01\Archive\2020\12\27\Woorj-20201227104834-GEtting the  DB Beckup \Woorj-20201227104834.bak
27/12/2020 10:49:45 The User sa got the backUp  of Woorj555304B42405CA2E5BD2454CC54DF6 from HO-HAYOL-LPT\SQLEXPRESS\Woorj555304B42405CA2E5BD2454CC54DF6 to E:\A_NewProjects\01\Archive\2020\12\27\Woorj-20201227104935-Getting DB BU\Woorj-20201227104935.bak
27/12/2020 10:52:18 The User sa got the backUp  of Woorj555304B42405CA2E5BD2454CC54DF6 from HO-HAYOL-LPT\SQLEXPRESS\Woorj555304B42405CA2E5BD2454CC54DF6 to E:\A_NewProjects\01\Archive\2020\12\27\Woorj-20201227-105208-Test4+Beckup\Woorj-20201227-105208.bak
27/12/2020 10:52:46 The User sa Restored the  Woorj555304B42405CA2E5BD2454CC54DF6 from E:\A_NewProjects\01\Archive\2020\12\27.bak to HO-HAYOL-LPT\SQLEXPRESS\Woorj555304B42405CA2E5BD2454CC54DF6
27/12/2020 11:11:20 The User sa Restored the  Woorj555304B42405CA2E5BD2454CC54DF6 from E:\A_NewProjects\01\Archive\2020\12\27.bak to HO-HAYOL-LPT\SQLEXPRESS\Woorj555304B42405CA2E5BD2454CC54DF6
27/12/2020 11:26:16 The User sa got the backUp  of Woorj555304B42405CA2E5BD2454CC54DF6 from HO-HAYOL-LPT\SQLEXPRESS\Woorj555304B42405CA2E5BD2454CC54DF6 to E:\A_NewProjects\01\Archive\2020\12\27\Woorj-20201227-112220-Before adding Dynamic Functionality to the Edit Form \Woorj-20201227-112220.bak
27/12/2020 11:26:40 The User sa got the backUp  of Woorj555304B42405CA2E5BD2454CC54DF6 from HO-HAYOL-LPT\SQLEXPRESS\Woorj555304B42405CA2E5BD2454CC54DF6 to E:\A_NewProjects\01\Archive\2020\12\27\Woorj-20201227-112636-Before adding Dynamic Functionality to the Edit Form\Woorj-20201227-112636.bak
27/12/2020 11:27:51 The User sa Restored the  Woorj555304B42405CA2E5BD2454CC54DF6 from E:\A_NewProjects\01\Archive\2020\12\27.bak to HO-HAYOL-LPT\SQLEXPRESS\Woorj555304B42405CA2E5BD2454CC54DF6
28/12/2020 11:50:59 The User sa got the backUp  of Woorj555304B42405CA2E5BD2454CC54DF6 from HO-HAYOL-LPT\SQLEXPRESS\Woorj555304B42405CA2E5BD2454CC54DF6 to E:\A_NewProjects\01\Archive\2020\12\28\Woorj-20201228-115016-Canceled the Dynamic General EditForm and Creayed the Dynamic Fields\Woorj-20201228-115016.bak
28/12/2020 11:51:28 The User sa got the backUp  of Woorj555304B42405CA2E5BD2454CC54DF6 from HO-HAYOL-LPT\SQLEXPRESS\Woorj555304B42405CA2E5BD2454CC54DF6 to E:\A_NewProjects\01\Archive\2020\12\28\Woorj-20201228-115124\Woorj-20201228-115124.bak
28/12/2020 11:51:52 The User sa Restored the  Woorj555304B42405CA2E5BD2454CC54DF6 from E:\A_NewProjects\01\Archive\2020\12\28.bak to HO-HAYOL-LPT\SQLEXPRESS\Woorj555304B42405CA2E5BD2454CC54DF6
28/12/2020 14:39:56 The User sa got the backUp  of Woorj555304B42405CA2E5BD2454CC54DF6 from HO-HAYOL-LPT\SQLEXPRESS\Woorj555304B42405CA2E5BD2454CC54DF6 to E:\A_NewProjects\01\Archive\2020\12\28\Woorj-20201228-143933-Some Change on Edit Form\Woorj-20201228-143933.bak
28/12/2020 15:20:54 The User sa got the backUp  of Woorj555304B42405CA2E5BD2454CC54DF6 from HO-HAYOL-LPT\SQLEXPRESS\Woorj555304B42405CA2E5BD2454CC54DF6 to E:\A_NewProjects\01\Archive\2020\12\28\Woorj-20201228-152027-Added WrPageNotFound \Woorj-20201228-152027.bak
28/12/2020 15:21:29 The User sa got the backUp  of Woorj555304B42405CA2E5BD2454CC54DF6 from HO-HAYOL-LPT\SQLEXPRESS\Woorj555304B42405CA2E5BD2454CC54DF6 to E:\A_NewProjects\01\Archive\2020\12\28\Woorj-20201228-152126-WrPageNotFound\Woorj-20201228-152126.bak
28/12/2020 15:36:52 The User sa got the backUp  of Woorj555304B42405CA2E5BD2454CC54DF6 from HO-HAYOL-LPT\SQLEXPRESS\Woorj555304B42405CA2E5BD2454CC54DF6 to E:\A_NewProjects\01\Archive\2020\12\28\Woorj-20201228-153648\Woorj-20201228-153648.bak
