04/01/2021 08:56:22 The User sa got the backUp  of Woorj555304B42405CA2E5BD2454CC54DF6 from HO-HAYOL-LPT\SQLEXPRESS\Woorj555304B42405CA2E5BD2454CC54DF6 to E:\A_NewProjects\01\Archive\2021\01\04\Woorj-20210104-085559-AccessRights Name isUniq\Woorj-20210104-085559.bak
04/01/2021 09:48:13 The User sa got the backUp  of Woorj555304B42405CA2E5BD2454CC54DF6 from HO-HAYOL-LPT\SQLEXPRESS\Woorj555304B42405CA2E5BD2454CC54DF6 to E:\A_NewProjects\01\Archive\2021\01\04\Woorj-20210104-094752-Update AddIndividual 01 \Woorj-20210104-094752.bak
04/01/2021 09:48:40 The User sa got the backUp  of Woorj555304B42405CA2E5BD2454CC54DF6 from HO-HAYOL-LPT\SQLEXPRESS\Woorj555304B42405CA2E5BD2454CC54DF6 to E:\A_NewProjects\01\Archive\2021\01\04\Woorj-20210104-094832-Update AddIndividual 01\Woorj-20210104-094832.bak
04/01/2021 09:51:50 The User sa got the backUp  of Woorj555304B42405CA2E5BD2454CC54DF6 from HO-HAYOL-LPT\SQLEXPRESS\Woorj555304B42405CA2E5BD2454CC54DF6 to E:\A_NewProjects\01\Archive\2021\01\04\Woorj-20210104-095147\Woorj-20210104-095147.bak
04/01/2021 10:06:00 The User sa got the backUp  of Woorj555304B42405CA2E5BD2454CC54DF6 from HO-HAYOL-LPT\SQLEXPRESS\Woorj555304B42405CA2E5BD2454CC54DF6 to E:\A_NewProjects\01\Archive\2021\01\04\Woorj-20210104-100548-IndividualAdd added to the Auth\Woorj-20210104-100548.bak
04/01/2021 10:18:05 The User sa got the backUp  of Woorj555304B42405CA2E5BD2454CC54DF6 from HO-HAYOL-LPT\SQLEXPRESS\Woorj555304B42405CA2E5BD2454CC54DF6 to E:\A_NewProjects\01\Archive\2021\01\04\Woorj-20210104-101800-Diabaled the Required Field on Individual\Woorj-20210104-101800.bak
04/01/2021 10:53:27 The User sa got the backUp  of Woorj555304B42405CA2E5BD2454CC54DF6 from HO-HAYOL-LPT\SQLEXPRESS\Woorj555304B42405CA2E5BD2454CC54DF6 to E:\A_NewProjects\01\Archive\2021\01\04\Woorj-20210104-105320\Woorj-20210104-105320.bak
04/01/2021 12:00:04 The User sa got the backUp  of Woorj555304B42405CA2E5BD2454CC54DF6 from HO-HAYOL-LPT\SQLEXPRESS\Woorj555304B42405CA2E5BD2454CC54DF6 to E:\A_NewProjects\01\Archive\2021\01\04\Woorj-20210104-115949-Design Updates\Woorj-20210104-115949.bak
04/01/2021 12:39:21 The User sa got the backUp  of Woorj555304B42405CA2E5BD2454CC54DF6 from HO-HAYOL-LPT\SQLEXPRESS\Woorj555304B42405CA2E5BD2454CC54DF6 to E:\A_NewProjects\01\Archive\2021\01\04\Woorj-20210104-123918\Woorj-20210104-123918.bak
04/01/2021 13:00:59 The User sa got the backUp  of Woorj555304B42405CA2E5BD2454CC54DF6 from HO-HAYOL-LPT\SQLEXPRESS\Woorj555304B42405CA2E5BD2454CC54DF6 to E:\A_NewProjects\01\Archive\2021\01\04\Woorj-20210104-130053\Woorj-20210104-130053.bak
05/01/2021 08:18:36 The User sa got the backUp  of Woorj555304B42405CA2E5BD2454CC54DF6 from HO-HAYOL-LPT\SQLEXPRESS\Woorj555304B42405CA2E5BD2454CC54DF6 to E:\A_NewProjects\01\Archive\2021\01\05\Woorj-20210105-081822-Before\Woorj-20210105-081822.bak
05/01/2021 09:32:34 The User sa got the backUp  of Woorj555304B42405CA2E5BD2454CC54DF6 from HO-HAYOL-LPT\SQLEXPRESS\Woorj555304B42405CA2E5BD2454CC54DF6 to E:\A_NewProjects\01\Archive\2021\01\05\Woorj-20210105-093223-Fixed OrgName\Woorj-20210105-093223.bak
06/01/2021 12:21:48 The User sa got the backUp  of Woorj555304B42405CA2E5BD2454CC54DF6 from HO-HAYOL-LPT\SQLEXPRESS\Woorj555304B42405CA2E5BD2454CC54DF6 to E:\A_NewProjects\01\Archive\2021\01\06\Woorj-20210106-122144\Woorj-20210106-122144.bak
06/01/2021 12:26:33 The User sa got the backUp  of Woorj555304B42405CA2E5BD2454CC54DF6 from HO-HAYOL-LPT\SQLEXPRESS\Woorj555304B42405CA2E5BD2454CC54DF6 to E:\A_NewProjects\01\Archive\2021\01\06\Woorj-20210106-122608-The Uniq Index Created to AccessRights Tabls\Woorj-20210106-122608.bak
06/01/2021 15:36:07 The User sa got the backUp  of Woorj555304B42405CA2E5BD2454CC54DF6 from HO-HAYOL-LPT\SQLEXPRESS\Woorj555304B42405CA2E5BD2454CC54DF6 to E:\A_NewProjects\01\Archive\2021\01\06\Woorj-20210106-153551-Updated WrDataGrid\Woorj-20210106-153551.bak
07/01/2021 11:31:24 The User sa got the backUp  of Woorj555304B42405CA2E5BD2454CC54DF6 from HO-HAYOL-LPT\SQLEXPRESS\Woorj555304B42405CA2E5BD2454CC54DF6 to E:\A_NewProjects\01\Archive\2021\01\07\Woorj-20210107-113111-Gender Updated\Woorj-20210107-113111.bak
07/01/2021 11:37:33 The User sa got the backUp  of Woorj555304B42405CA2E5BD2454CC54DF6 from HO-HAYOL-LPT\SQLEXPRESS\Woorj555304B42405CA2E5BD2454CC54DF6 to E:\A_NewProjects\01\Archive\2021\01\07\Woorj-20210107-113727\Woorj-20210107-113727.bak
11/01/2021 15:52:58 The User sa got the backUp  of Woorj555304B42405CA2E5BD2454CC54DF6 from HO-HAYOL-LPT\SQLEXPRESS\Woorj555304B42405CA2E5BD2454CC54DF6 to E:\A_NewProjects\01\Archive\2021\01\11\Woorj-20210111-155252\Woorj-20210111-155252.bak
15/01/2021 11:03:56 The User sa got the backUp  of Woorj555304B42405CA2E5BD2454CC54DF6 from HO-HAYOL-LPT\SQLEXPRESS\Woorj555304B42405CA2E5BD2454CC54DF6 to E:\A_NewProjects\01\Archive\2021\01\15\Woorj-20210115-110352-Backup\Woorj-20210115-110352.bak
15/01/2021 12:18:55 The User sa got the backUp  of Woorj555304B42405CA2E5BD2454CC54DF6 from HO-HAYOL-LPT\SQLEXPRESS\Woorj555304B42405CA2E5BD2454CC54DF6 to E:\A_NewProjects\01\Archive\2021\01\15\Woorj-20210115-121851\Woorj-20210115-121851.bak
16/01/2021 11:46:11 The User sa got the backUp  of Woorj555304B42405CA2E5BD2454CC54DF6 from HO-HAYOL-LPT\SQLEXPRESS\Woorj555304B42405CA2E5BD2454CC54DF6 to E:\A_NewProjects\01\Archive\2021\01\16\Woorj-20210116-114553-Created Comtact CRUR on Dir\Woorj-20210116-114553.bak
16/01/2021 12:34:53 The User sa got the backUp  of Woorj555304B42405CA2E5BD2454CC54DF6 from HO-HAYOL-LPT\SQLEXPRESS\Woorj555304B42405CA2E5BD2454CC54DF6 to E:\A_NewProjects\01\Archive\2021\01\16\Woorj-20210116-123441-Design Update\Woorj-20210116-123441.bak
19/01/2021 14:28:00 The User sa got the backUp  of Woorj555304B42405CA2E5BD2454CC54DF6 from HO-HAYOL-LPT\SQLEXPRESS\Woorj555304B42405CA2E5BD2454CC54DF6 to E:\A_NewProjects\01\Archive\2021\01\19\Woorj-20210119-142755\Woorj-20210119-142755.bak
19/01/2021 14:34:49 The User sa got the backUp  of Woorj555304B42405CA2E5BD2454CC54DF6 from HO-HAYOL-LPT\SQLEXPRESS\Woorj555304B42405CA2E5BD2454CC54DF6 to E:\A_NewProjects\01\Archive\2021\01\19\Woorj-20210119-143422-Update Roles Name\Woorj-20210119-143422.bak
01/02/2021 08:53:47 The User sa got the backUp  of Woorj555304B42405CA2E5BD2454CC54DF6 from CFT-SUPPORT\SQLEXPRESS\Woorj555304B42405CA2E5BD2454CC54DF6 to E:\A_NewProjects\01\Archive\2021\02\01\Woorj-20210201-085319-After Updating My Comp\Woorj-20210201-085319.bak
01/02/2021 08:55:22 The User sa got the backUp  of Woorj555304B42405CA2E5BD2454CC54DF6 from CFT-SUPPORT\SQLEXPRESS\Woorj555304B42405CA2E5BD2454CC54DF6 to E:\A_NewProjects\01\Archive\2021\02\01\Woorj-20210201-085511\Woorj-20210201-085511.bak
01/02/2021 08:56:26 The User sa got the backUp  of Woorj555304B42405CA2E5BD2454CC54DF6 from HO-KHAYOL-LP\SQLEXPRESS\Woorj555304B42405CA2E5BD2454CC54DF6 to E:\A_NewProjects\01\Archive\2021\02\01\Woorj-20210201-085622\Woorj-20210201-085622.bak
01/02/2021 13:03:09 The User sa got the backUp  of Woorj555304B42405CA2E5BD2454CC54DF6 from HO-KHAYOL-LP\SQLEXPRESS\Woorj555304B42405CA2E5BD2454CC54DF6 to E:\A_NewProjects\01\Archive\2021\02\01\Woorj-20210201-130251-Added Logina and Pass Config \Woorj-20210201-130251.bak
01/02/2021 13:03:25 The User sa got the backUp  of Woorj555304B42405CA2E5BD2454CC54DF6 from HO-KHAYOL-LP\SQLEXPRESS\Woorj555304B42405CA2E5BD2454CC54DF6 to E:\A_NewProjects\01\Archive\2021\02\01\Woorj-20210201-130322-Added Logina and Pass Config\Woorj-20210201-130322.bak
03/02/2021 07:49:57 The User sa got the backUp  of Woorj555304B42405CA2E5BD2454CC54DF6 from HO-KHAYOL-LP\SQLEXPRESS\Woorj555304B42405CA2E5BD2454CC54DF6 to E:\A_NewProjects\01\Archive\2021\02\03\Woorj-20210203-074952\Woorj-20210203-074952.bak
