info: Microsoft.Hosting.Lifetime[0]

      Application started. Press Ctrl+C to shut down.

info: Microsoft.Hosting.Lifetime[0]

      Hosting environment: Production

info: Microsoft.Hosting.Lifetime[0]

      Content root path: E:\A_NewProjects\01\Woorj\bin\Debug\netcoreapp3.1\publish

warn: Microsoft.AspNetCore.HttpsPolicy.HttpsRedirectionMiddleware[3]
WrDataGridWrDataGrid
      Failed to determine the https WrDataGridirect.WrDataGrid

warn: Microsoft.AspNetCore.Components.Server.Circuits.RemoteRenderer[100]

      Unhandled exception rendering component: String '17.06.1992' was not recognized as a valid DateTime.

System.FormatException: String '17.06.1992' was not recognized as a valid DateTime.

   at System.DateTimeParse.Parse(ReadOnlySpan`1 s, DateTimeFormatInfo dtfi, DateTimeStyles styles)
WrDataGridWrDataGrid
   at System.DateTime.Parse(String sWrDataGridWrDataGrid

   at Woorj.Pages.WrComponents.DataGridComp`1.FormatItemValue(TItem item, ColumnDefinition column, String pIdOfRecord) in E:\A_NewProjects\01\Woorj\Pages\WrComponents\DataGridComp.razor:line 424

   at Woorj.Pages.WrComponents.DataGridComp`1.BuildRenderTree(RenderTreeBuilder __builder) in E:\A_NewProjects\01\Woorj\Pages\WrComponents\DataGridComp.razor:line 91

   at Microsoft.AspNetCore.Components.Rendering.ComponentState.RenderIntoBatch(RenderBatchBuilder batchBuilder, RenderFragment renderFragment)

   at Microsoft.AspNetCore.Components.RenderTree.Renderer.RenderInExistingBatch(RenderQueueEntry renderQueueEntry)

   at Microsoft.AspNetCore.Components.RenderTree.Renderer.ProcessRenderQueue()

fail: Microsoft.AspNetCore.Components.Server.Circuits.CircuitHost[111]

      Unhandled exception in circuit 'kIbBZmWuSAQBQXl6XXcCASlag27c3-AZ7l8eVzIABec'.

System.FormatException: String '17.06.1992' was not recognized as a valid DateTime.

   at System.DateTimeParse.Parse(ReadOnlySpan`1 s, DateTimeFormatInfo dtfi, DateTimeStyles styles)

   at System.DateTime.Parse(String s)

   at Woorj.Pages.WrComponents.DataGridComp`1.FormatItemValue(TItem item, ColumnDefinition column, String pIdOfRecord) in E:\A_NewProjects\01\Woorj\Pages\WrComponents\DataGridComp.razor:line 424

   at Woorj.Pages.WrComponents.DataGridComp`1.BuildRenderTree(RenderTreeBuilder __builder) in E:\A_NewProjects\01\Woorj\Pages\WrComponents\DataGridComp.razor:line 91

   at Microsoft.AspNetCore.Components.Rendering.ComponentState.RenderIntoBatch(RenderBatchBuilder batchBuilder, RenderFragment renderFragment)

   at Microsoft.AspNetCore.Components.RenderTree.Renderer.RenderInExistingBatch(RenderQueueEntry renderQueueEntry)

   at Microsoft.AspNetCore.Components.RenderTree.Renderer.ProcessRenderQueue()

info: Microsoft.Hosting.Lifetime[0]

      Application is shutting down...

